[debug] [2026-03-17T18:34:43.300Z] ----------------------------------------------------------------------
[debug] [2026-03-17T18:34:43.302Z] Command:       C:\Program Files\nodejs\node.exe C:\Users\Blest\AppData\Roaming\npm\node_modules\firebase-tools\lib\bin\firebase.js deploy --only functions
[debug] [2026-03-17T18:34:43.302Z] CLI Version:   15.10.1
[debug] [2026-03-17T18:34:43.302Z] Platform:      win32
[debug] [2026-03-17T18:34:43.302Z] Node Version:  v24.11.1
[debug] [2026-03-17T18:34:43.302Z] Time:          Tue Mar 17 2026 14:34:43 GMT-0400 (Eastern Daylight Time)
[debug] [2026-03-17T18:34:43.303Z] ----------------------------------------------------------------------
[debug] 
[debug] [2026-03-17T18:34:44.661Z] > command requires scopes: ["email","openid","https://www.googleapis.com/auth/cloudplatformprojects.readonly","https://www.googleapis.com/auth/firebase","https://www.googleapis.com/auth/cloud-platform"]
[debug] [2026-03-17T18:34:44.661Z] > authorizing via signed-in user (trsorx@gmail.com)
[debug] [2026-03-17T18:34:44.661Z] [iam] checking project houseops-55490 for permissions ["cloudfunctions.functions.create","cloudfunctions.functions.delete","cloudfunctions.functions.get","cloudfunctions.functions.list","cloudfunctions.functions.update","cloudfunctions.operations.get","firebase.projects.get"]
[debug] [2026-03-17T18:34:44.662Z] Checked if tokens are valid: true, expires at: 1773774308980
[debug] [2026-03-17T18:34:44.662Z] Checked if tokens are valid: true, expires at: 1773774308980
[debug] [2026-03-17T18:34:44.663Z] >>> [apiv2][query] POST https://cloudresourcemanager.googleapis.com/v1/projects/houseops-55490:testIamPermissions [none]
[debug] [2026-03-17T18:34:44.664Z] >>> [apiv2][(partial)header] POST https://cloudresourcemanager.googleapis.com/v1/projects/houseops-55490:testIamPermissions  x-goog-user-project=houseops-55490
[debug] [2026-03-17T18:34:44.664Z] >>> [apiv2][body] POST https://cloudresourcemanager.googleapis.com/v1/projects/houseops-55490:testIamPermissions {"permissions":["cloudfunctions.functions.create","cloudfunctions.functions.delete","cloudfunctions.functions.get","cloudfunctions.functions.list","cloudfunctions.functions.update","cloudfunctions.operations.get","firebase.projects.get"]}
[debug] [2026-03-17T18:34:44.913Z] <<< [apiv2][status] POST https://cloudresourcemanager.googleapis.com/v1/projects/houseops-55490:testIamPermissions 200
[debug] [2026-03-17T18:34:44.913Z] <<< [apiv2][body] POST https://cloudresourcemanager.googleapis.com/v1/projects/houseops-55490:testIamPermissions {"permissions":["cloudfunctions.functions.create","cloudfunctions.functions.delete","cloudfunctions.functions.get","cloudfunctions.functions.list","cloudfunctions.functions.update","cloudfunctions.operations.get","firebase.projects.get"]}
[debug] [2026-03-17T18:34:44.913Z] Checked if tokens are valid: true, expires at: 1773774308980
[debug] [2026-03-17T18:34:44.913Z] Checked if tokens are valid: true, expires at: 1773774308980
[debug] [2026-03-17T18:34:44.914Z] >>> [apiv2][query] POST https://iam.googleapis.com/v1/projects/houseops-55490/serviceAccounts/houseops-55490@appspot.gserviceaccount.com:testIamPermissions [none]
[debug] [2026-03-17T18:34:44.914Z] >>> [apiv2][body] POST https://iam.googleapis.com/v1/projects/houseops-55490/serviceAccounts/houseops-55490@appspot.gserviceaccount.com:testIamPermissions {"permissions":["iam.serviceAccounts.actAs"]}
[debug] [2026-03-17T18:34:45.151Z] <<< [apiv2][status] POST https://iam.googleapis.com/v1/projects/houseops-55490/serviceAccounts/houseops-55490@appspot.gserviceaccount.com:testIamPermissions 200
[debug] [2026-03-17T18:34:45.152Z] <<< [apiv2][body] POST https://iam.googleapis.com/v1/projects/houseops-55490/serviceAccounts/houseops-55490@appspot.gserviceaccount.com:testIamPermissions {"permissions":["iam.serviceAccounts.actAs"]}
[info] 
[info] === Deploying to 'houseops-55490'...
[info] 
[info] i  deploying functions 
[debug] [2026-03-17T18:34:45.157Z] Checked if tokens are valid: true, expires at: 1773774308980
[debug] [2026-03-17T18:34:45.157Z] Checked if tokens are valid: true, expires at: 1773774308980
[debug] [2026-03-17T18:34:45.157Z] >>> [apiv2][query] GET https://cloudresourcemanager.googleapis.com/v1/projects/houseops-55490 [none]
[debug] [2026-03-17T18:34:45.270Z] <<< [apiv2][status] GET https://cloudresourcemanager.googleapis.com/v1/projects/houseops-55490 200
[debug] [2026-03-17T18:34:45.270Z] <<< [apiv2][body] GET https://cloudresourcemanager.googleapis.com/v1/projects/houseops-55490 {"projectNumber":"954807448148","projectId":"houseops-55490","lifecycleState":"ACTIVE","name":"houseops","labels":{"firebase":"enabled","firebase-core":"disabled"},"createTime":"2025-12-09T17:52:49.333365Z"}
[info] i  functions: preparing codebase default for deployment 
[info] i  functions: ensuring required API cloudfunctions.googleapis.com is enabled... 
[info] i  functions: ensuring required API cloudbuild.googleapis.com is enabled... 
[info] i  artifactregistry: ensuring required API artifactregistry.googleapis.com is enabled... 
[debug] [2026-03-17T18:34:45.273Z] Checked if tokens are valid: true, expires at: 1773774308980
[debug] [2026-03-17T18:34:45.273Z] Checked if tokens are valid: true, expires at: 1773774308980
[debug] [2026-03-17T18:34:45.273Z] >>> [apiv2][query] GET https://firebase.googleapis.com/v1beta1/projects/houseops-55490/adminSdkConfig [none]
[debug] [2026-03-17T18:34:45.563Z] <<< [apiv2][status] GET https://firebase.googleapis.com/v1beta1/projects/houseops-55490/adminSdkConfig 200
[debug] [2026-03-17T18:34:45.563Z] <<< [apiv2][body] GET https://firebase.googleapis.com/v1beta1/projects/houseops-55490/adminSdkConfig {"projectId":"houseops-55490","storageBucket":"houseops-55490.firebasestorage.app"}
[debug] [2026-03-17T18:34:45.566Z] Validating nodejs source
[warn] !  functions: Runtime Node.js 20 will be deprecated on 2026-04-30 and will be decommissioned on 2026-10-30, after which you will not be able to deploy without upgrading. Consider upgrading now to avoid disruption. See https://cloud.google.com/functions/docs/runtime-support for full details on the lifecycle policy 
[warn] !  functions: package.json indicates an outdated version of firebase-functions. Please upgrade using npm install --save firebase-functions@latest in your functions directory. 
[debug] [2026-03-17T18:34:46.322Z] > [functions] package.json contents: {
  "name": "functions",
  "description": "Cloud Functions for Firebase",
  "main": "index.js",
  "type": "module",
  "engines": {
    "node": "20"
  },
  "scripts": {
    "serve": "firebase emulators:start --only functions",
    "shell": "firebase functions:shell",
    "deploy": "firebase deploy --only functions",
    "logs": "firebase functions:log"
  },
  "dependencies": {
    "firebase-admin": "^13.6.0",
    "firebase-functions": "^7.0.0"
  },
  "private": true
}
[debug] [2026-03-17T18:34:46.322Z] Building nodejs source
[info] i  functions: Loading and analyzing source code for codebase default to determine what to deploy 
[debug] [2026-03-17T18:34:46.324Z] Could not find functions.yaml. Must use http discovery
[debug] [2026-03-17T18:34:46.330Z] Found firebase-functions binary at 'C:\Users\Blest\houseops\functions\node_modules\.bin\firebase-functions'
[info] Serving at port 8258

[debug] [2026-03-17T18:34:47.010Z] Got response from /__/functions.yaml {"endpoints":{"notifyLowStock":{"availableMemoryMb":null,"timeoutSeconds":null,"minInstances":null,"maxInstances":null,"ingressSettings":null,"concurrency":null,"serviceAccountEmail":null,"vpc":null,"platform":"gcfv2","labels":{},"eventTrigger":{"eventType":"google.cloud.firestore.document.v1.updated","eventFilters":{"database":"(default)","namespace":"(default)"},"eventFilterPathPatterns":{"document":"items/{itemId}"},"retry":false},"entryPoint":"notifyLowStock"}},"specVersion":"v1alpha1","requiredAPIs":[],"extensions":{}}
[info] i  extensions: ensuring required API firebaseextensions.googleapis.com is enabled... 
[debug] [2026-03-17T18:34:51.052Z] > command requires scopes: ["email","openid","https://www.googleapis.com/auth/cloudplatformprojects.readonly","https://www.googleapis.com/auth/firebase","https://www.googleapis.com/auth/cloud-platform"]
[debug] [2026-03-17T18:34:51.052Z] > authorizing via signed-in user (trsorx@gmail.com)
[debug] [2026-03-17T18:34:51.052Z] [iam] checking project houseops-55490 for permissions ["firebase.projects.get","firebaseextensions.instances.list"]
[debug] [2026-03-17T18:34:51.053Z] Checked if tokens are valid: true, expires at: 1773774308980
[debug] [2026-03-17T18:34:51.053Z] Checked if tokens are valid: true, expires at: 1773774308980
[debug] [2026-03-17T18:34:51.053Z] >>> [apiv2][query] POST https://cloudresourcemanager.googleapis.com/v1/projects/houseops-55490:testIamPermissions [none]
[debug] [2026-03-17T18:34:51.053Z] >>> [apiv2][(partial)header] POST https://cloudresourcemanager.googleapis.com/v1/projects/houseops-55490:testIamPermissions  x-goog-user-project=houseops-55490
[debug] [2026-03-17T18:34:51.053Z] >>> [apiv2][body] POST https://cloudresourcemanager.googleapis.com/v1/projects/houseops-55490:testIamPermissions {"permissions":["firebase.projects.get","firebaseextensions.instances.list"]}
[debug] [2026-03-17T18:34:51.156Z] <<< [apiv2][status] POST https://cloudresourcemanager.googleapis.com/v1/projects/houseops-55490:testIamPermissions 200
[debug] [2026-03-17T18:34:51.156Z] <<< [apiv2][body] POST https://cloudresourcemanager.googleapis.com/v1/projects/houseops-55490:testIamPermissions {"permissions":["firebase.projects.get","firebaseextensions.instances.list"]}
[debug] [2026-03-17T18:34:51.157Z] Checked if tokens are valid: true, expires at: 1773774308980
[debug] [2026-03-17T18:34:51.157Z] Checked if tokens are valid: true, expires at: 1773774308980
[debug] [2026-03-17T18:34:51.157Z] >>> [apiv2][query] GET https://firebaseextensions.googleapis.com/v1beta/projects/houseops-55490/instances pageSize=100&pageToken=
[debug] [2026-03-17T18:34:51.518Z] <<< [apiv2][status] GET https://firebaseextensions.googleapis.com/v1beta/projects/houseops-55490/instances 200
[debug] [2026-03-17T18:34:51.518Z] <<< [apiv2][body] GET https://firebaseextensions.googleapis.com/v1beta/projects/houseops-55490/instances {}
[info] i  functions: preparing functions directory for uploading... 
[info] i  functions: packaged C:\Users\Blest\houseops\functions (32.69 KB) for uploading 
[debug] [2026-03-17T18:34:51.554Z] Checked if tokens are valid: true, expires at: 1773774308980
[debug] [2026-03-17T18:34:51.554Z] Checked if tokens are valid: true, expires at: 1773774308980
[debug] [2026-03-17T18:34:51.554Z] >>> [apiv2][query] GET https://cloudfunctions.googleapis.com/v1/projects/houseops-55490/locations/-/functions [none]
[debug] [2026-03-17T18:34:52.058Z] <<< [apiv2][status] GET https://cloudfunctions.googleapis.com/v1/projects/houseops-55490/locations/-/functions 200
[debug] [2026-03-17T18:34:52.058Z] <<< [apiv2][body] GET https://cloudfunctions.googleapis.com/v1/projects/houseops-55490/locations/-/functions {}
[debug] [2026-03-17T18:34:52.058Z] Checked if tokens are valid: true, expires at: 1773774308980
[debug] [2026-03-17T18:34:52.058Z] Checked if tokens are valid: true, expires at: 1773774308980
[debug] [2026-03-17T18:34:52.058Z] >>> [apiv2][query] GET https://cloudfunctions.googleapis.com/v2/projects/houseops-55490/locations/-/functions filter=environment%3D%22GEN_2%22
[debug] [2026-03-17T18:34:52.925Z] <<< [apiv2][status] GET https://cloudfunctions.googleapis.com/v2/projects/houseops-55490/locations/-/functions 200
[debug] [2026-03-17T18:34:52.925Z] <<< [apiv2][body] GET https://cloudfunctions.googleapis.com/v2/projects/houseops-55490/locations/-/functions {"functions":[{"name":"projects/houseops-55490/locations/us-central1/functions/notifyLowStock","buildConfig":{"build":"projects/954807448148/locations/us-central1/builds/a330f44e-0219-468e-bd9a-2d0ab7b2987a","runtime":"nodejs20","entryPoint":"notifyLowStock","source":{"storageSource":{"bucket":"gcf-v2-sources-954807448148-us-central1","object":"notifyLowStock/function-source.zip","generation":"1773761242611968"}},"environmentVariables":{"GOOGLE_NODE_RUN_SCRIPTS":""},"dockerRepository":"projects/houseops-55490/locations/us-central1/repositories/gcf-artifacts","sourceProvenance":{"resolvedStorageSource":{"bucket":"gcf-v2-sources-954807448148-us-central1","object":"notifyLowStock/function-source.zip","generation":"1773761242611968"}},"dockerRegistry":"ARTIFACT_REGISTRY","serviceAccount":"projects/houseops-55490/serviceAccounts/954807448148-compute@developer.gserviceaccount.com","automaticUpdatePolicy":{}},"serviceConfig":{"service":"projects/houseops-55490/locations/us-central1/services/notifylowstock","timeoutSeconds":60,"environmentVariables":{"FIREBASE_CONFIG":"{\"projectId\":\"houseops-55490\",\"storageBucket\":\"houseops-55490.firebasestorage.app\"}","GCLOUD_PROJECT":"houseops-55490","EVENTARC_CLOUD_EVENT_SOURCE":"projects/houseops-55490/locations/us-central1/services/notifyLowStock","FUNCTION_SIGNATURE_TYPE":"cloudevent","FUNCTION_TARGET":"notifyLowStock","LOG_EXECUTION_ID":"true"},"maxInstanceCount":20,"ingressSettings":"ALLOW_ALL","uri":"https://notifylowstock-dq5mfokhaq-uc.a.run.app","serviceAccountEmail":"954807448148-compute@developer.gserviceaccount.com","availableMemory":"256Mi","allTrafficOnLatestRevision":true,"revision":"notifylowstock-00015-sem","maxInstanceRequestConcurrency":80,"availableCpu":"1"},"eventTrigger":{"trigger":"projects/houseops-55490/locations/nam5/triggers/notifylowstock-987375","triggerRegion":"nam5","eventType":"google.cloud.firestore.document.v1.updated","eventFilters":[{"attribute":"database","value":"(default)"},{"attribute":"namespace","value":"(default)"},{"attribute":"document","value":"items/{itemId}","operator":"match-path-pattern"}],"pubsubTopic":"projects/houseops-55490/topics/eventarc-nam5-notifylowstock-987375-723","serviceAccountEmail":"954807448148-compute@developer.gserviceaccount.com","retryPolicy":"RETRY_POLICY_DO_NOT_RETRY"},"state":"ACTIVE","updateTime":"2026-03-17T15:28:09.536631320Z","labels":{"firebase-functions-hash":"790eef6194e529300a18d054496109fdb856615b","deployment-tool":"cli-firebase"},"environment":"GEN_2","url":"https://us-central1-houseops-55490.cloudfunctions.net/notifyLowStock","createTime":"2025-12-17T19:03:14.530384233Z","satisfiesPzi":true}]}
[debug] [2026-03-17T18:34:52.927Z] Checked if tokens are valid: true, expires at: 1773774308980
[debug] [2026-03-17T18:34:52.927Z] Checked if tokens are valid: true, expires at: 1773774308980
[debug] [2026-03-17T18:34:52.927Z] >>> [apiv2][query] GET https://firestore.googleapis.com/v1/projects/houseops-55490/databases/(default) [none]
[debug] [2026-03-17T18:34:53.259Z] <<< [apiv2][status] GET https://firestore.googleapis.com/v1/projects/houseops-55490/databases/(default) 200
[debug] [2026-03-17T18:34:53.260Z] <<< [apiv2][body] GET https://firestore.googleapis.com/v1/projects/houseops-55490/databases/(default) {"name":"projects/houseops-55490/databases/(default)","uid":"f9122716-f6b7-4f15-8db4-14b4808c1cc4","createTime":"2025-12-09T17:55:18.776505Z","updateTime":"2025-12-09T17:55:18.776505Z","locationId":"nam5","type":"FIRESTORE_NATIVE","concurrencyMode":"PESSIMISTIC","versionRetentionPeriod":"3600s","earliestVersionTime":"2026-03-17T17:34:53.368757Z","appEngineIntegrationMode":"DISABLED","keyPrefix":"s","pointInTimeRecoveryEnablement":"POINT_IN_TIME_RECOVERY_DISABLED","deleteProtectionState":"DELETE_PROTECTION_DISABLED","databaseEdition":"STANDARD","freeTier":true,"realtimeUpdatesMode":"REALTIME_UPDATES_MODE_ENABLED","etag":"IOvWhLvJp5MDMLeb3cSp5pID"}
[info] i  functions: ensuring required API run.googleapis.com is enabled... 
[info] i  functions: ensuring required API eventarc.googleapis.com is enabled... 
[info] i  functions: ensuring required API pubsub.googleapis.com is enabled... 
[info] i  functions: ensuring required API storage.googleapis.com is enabled... 
[info] i  functions: generating the service identity for pubsub.googleapis.com... 
[debug] [2026-03-17T18:34:53.264Z] Checked if tokens are valid: true, expires at: 1773774308980
[debug] [2026-03-17T18:34:53.264Z] Checked if tokens are valid: true, expires at: 1773774308980
[info] i  functions: generating the service identity for eventarc.googleapis.com... 
[debug] [2026-03-17T18:34:53.265Z] Checked if tokens are valid: true, expires at: 1773774308980
[debug] [2026-03-17T18:34:53.265Z] Checked if tokens are valid: true, expires at: 1773774308980
[debug] [2026-03-17T18:34:53.266Z] >>> [apiv2][query] POST https://serviceusage.googleapis.com/v1beta1/projects/954807448148/services/pubsub.googleapis.com:generateServiceIdentity [none]
[debug] [2026-03-17T18:34:53.266Z] >>> [apiv2][(partial)header] POST https://serviceusage.googleapis.com/v1beta1/projects/954807448148/services/pubsub.googleapis.com:generateServiceIdentity  x-goog-user-project=954807448148
[debug] [2026-03-17T18:34:53.266Z] >>> [apiv2][body] POST https://serviceusage.googleapis.com/v1beta1/projects/954807448148/services/pubsub.googleapis.com:generateServiceIdentity {}
[debug] [2026-03-17T18:34:53.267Z] >>> [apiv2][query] POST https://serviceusage.googleapis.com/v1beta1/projects/954807448148/services/eventarc.googleapis.com:generateServiceIdentity [none]
[debug] [2026-03-17T18:34:53.268Z] >>> [apiv2][(partial)header] POST https://serviceusage.googleapis.com/v1beta1/projects/954807448148/services/eventarc.googleapis.com:generateServiceIdentity  x-goog-user-project=954807448148
[debug] [2026-03-17T18:34:53.268Z] >>> [apiv2][body] POST https://serviceusage.googleapis.com/v1beta1/projects/954807448148/services/eventarc.googleapis.com:generateServiceIdentity {}
[debug] [2026-03-17T18:34:53.685Z] <<< [apiv2][status] POST https://serviceusage.googleapis.com/v1beta1/projects/954807448148/services/pubsub.googleapis.com:generateServiceIdentity 200
[debug] [2026-03-17T18:34:53.685Z] <<< [apiv2][body] POST https://serviceusage.googleapis.com/v1beta1/projects/954807448148/services/pubsub.googleapis.com:generateServiceIdentity {"name":"operations/finished.DONE_OPERATION","done":true,"response":{"@type":"type.googleapis.com/google.api.serviceusage.v1beta1.ServiceIdentity","email":"service-954807448148@gcp-sa-pubsub.iam.gserviceaccount.com","uniqueId":"117021507246166508435"}}
[debug] [2026-03-17T18:34:53.719Z] <<< [apiv2][status] POST https://serviceusage.googleapis.com/v1beta1/projects/954807448148/services/eventarc.googleapis.com:generateServiceIdentity 200
[debug] [2026-03-17T18:34:53.720Z] <<< [apiv2][body] POST https://serviceusage.googleapis.com/v1beta1/projects/954807448148/services/eventarc.googleapis.com:generateServiceIdentity {"name":"operations/finished.DONE_OPERATION","done":true,"response":{"@type":"type.googleapis.com/google.api.serviceusage.v1beta1.ServiceIdentity","email":"service-954807448148@gcp-sa-eventarc.iam.gserviceaccount.com","uniqueId":"102963684905101654934"}}
[debug] [2026-03-17T18:34:53.722Z] Checked if tokens are valid: true, expires at: 1773774308980
[debug] [2026-03-17T18:34:53.722Z] Checked if tokens are valid: true, expires at: 1773774308980
[debug] [2026-03-17T18:34:53.722Z] >>> [apiv2][query] GET https://cloudresourcemanager.googleapis.com/v1/projects/houseops-55490 [none]
[debug] [2026-03-17T18:34:53.819Z] <<< [apiv2][status] GET https://cloudresourcemanager.googleapis.com/v1/projects/houseops-55490 200
[debug] [2026-03-17T18:34:53.819Z] <<< [apiv2][body] GET https://cloudresourcemanager.googleapis.com/v1/projects/houseops-55490 {"projectNumber":"954807448148","projectId":"houseops-55490","lifecycleState":"ACTIVE","name":"houseops","labels":{"firebase":"enabled","firebase-core":"disabled"},"createTime":"2025-12-09T17:52:49.333365Z"}
[debug] [2026-03-17T18:34:53.819Z] Checked if tokens are valid: true, expires at: 1773774308980
[debug] [2026-03-17T18:34:53.819Z] Checked if tokens are valid: true, expires at: 1773774308980
[debug] [2026-03-17T18:34:53.819Z] >>> [apiv2][query] GET https://compute.googleapis.com/compute/v1/projects/954807448148 [none]
[debug] [2026-03-17T18:34:53.947Z] <<< [apiv2][status] GET https://compute.googleapis.com/compute/v1/projects/954807448148 403
[debug] [2026-03-17T18:34:53.947Z] <<< [apiv2][body] GET https://compute.googleapis.com/compute/v1/projects/954807448148 {"error":{"code":403,"message":"Compute Engine API has not been used in project 954807448148 before or it is disabled. Enable it by visiting https://console.developers.google.com/apis/api/compute.googleapis.com/overview?project=954807448148 then retry. If you enabled this API recently, wait a few minutes for the action to propagate to our systems and retry.","errors":[{"message":"Compute Engine API has not been used in project 954807448148 before or it is disabled. Enable it by visiting https://console.developers.google.com/apis/api/compute.googleapis.com/overview?project=954807448148 then retry. If you enabled this API recently, wait a few minutes for the action to propagate to our systems and retry.","domain":"usageLimits","reason":"accessNotConfigured","extendedHelp":"https://console.developers.google.com"}],"status":"PERMISSION_DENIED","details":[{"@type":"type.googleapis.com/google.rpc.ErrorInfo","reason":"SERVICE_DISABLED","domain":"googleapis.com","metadata":{"consumer":"projects/954807448148","serviceTitle":"Compute Engine API","containerInfo":"954807448148","service":"compute.googleapis.com","activationUrl":"https://console.developers.google.com/apis/api/compute.googleapis.com/overview?project=954807448148"}},{"@type":"type.googleapis.com/google.rpc.LocalizedMessage","locale":"en-US","message":"Compute Engine API has not been used in project 954807448148 before or it is disabled. Enable it by visiting https://console.developers.google.com/apis/api/compute.googleapis.com/overview?project=954807448148 then retry. If you enabled this API recently, wait a few minutes for the action to propagate to our systems and retry."},{"@type":"type.googleapis.com/google.rpc.Help","links":[{"description":"Google developers console API activation","url":"https://console.developers.google.com/apis/api/compute.googleapis.com/overview?project=954807448148"}]}]}}
[debug] [2026-03-17T18:34:53.949Z] unable to look up default compute service account. Falling back to 954807448148-compute@developer.gserviceaccount.com. Error: {"name":"FirebaseError","children":[],"context":{"body":{"error":{"code":403,"message":"Compute Engine API has not been used in project 954807448148 before or it is disabled. Enable it by visiting https://console.developers.google.com/apis/api/compute.googleapis.com/overview?project=954807448148 then retry. If you enabled this API recently, wait a few minutes for the action to propagate to our systems and retry.","errors":[{"message":"Compute Engine API has not been used in project 954807448148 before or it is disabled. Enable it by visiting https://console.developers.google.com/apis/api/compute.googleapis.com/overview?project=954807448148 then retry. If you enabled this API recently, wait a few minutes for the action to propagate to our systems and retry.","domain":"usageLimits","reason":"accessNotConfigured","extendedHelp":"https://console.developers.google.com"}],"status":"PERMISSION_DENIED","details":[{"@type":"type.googleapis.com/google.rpc.ErrorInfo","reason":"SERVICE_DISABLED","domain":"googleapis.com","metadata":{"consumer":"projects/954807448148","serviceTitle":"Compute Engine API","containerInfo":"954807448148","service":"compute.googleapis.com","activationUrl":"https://console.developers.google.com/apis/api/compute.googleapis.com/overview?project=954807448148"}},{"@type":"type.googleapis.com/google.rpc.LocalizedMessage","locale":"en-US","message":"Compute Engine API has not been used in project 954807448148 before or it is disabled. Enable it by visiting https://console.developers.google.com/apis/api/compute.googleapis.com/overview?project=954807448148 then retry. If you enabled this API recently, wait a few minutes for the action to propagate to our systems and retry."},{"@type":"type.googleapis.com/google.rpc.Help","links":[{"description":"Google developers console API activation","url":"https://console.developers.google.com/apis/api/compute.googleapis.com/overview?project=954807448148"}]}]}},"response":{"statusCode":403}},"exit":1,"message":"Request to https://compute.googleapis.com/compute/v1/projects/954807448148 had HTTP Error: 403, Compute Engine API has not been used in project 954807448148 before or it is disabled. Enable it by visiting https://console.developers.google.com/apis/api/compute.googleapis.com/overview?project=954807448148 then retry. If you enabled this API recently, wait a few minutes for the action to propagate to our systems and retry.","status":403}
[debug] [2026-03-17T18:34:53.950Z] Checked if tokens are valid: true, expires at: 1773774308980
[debug] [2026-03-17T18:34:53.950Z] Checked if tokens are valid: true, expires at: 1773774308980
[debug] [2026-03-17T18:34:53.950Z] >>> [apiv2][query] GET https://cloudbilling.googleapis.com/v1/projects/houseops-55490/billingInfo [none]
[debug] [2026-03-17T18:34:54.121Z] <<< [apiv2][status] GET https://cloudbilling.googleapis.com/v1/projects/houseops-55490/billingInfo 200
[debug] [2026-03-17T18:34:54.121Z] <<< [apiv2][body] GET https://cloudbilling.googleapis.com/v1/projects/houseops-55490/billingInfo {"name":"projects/houseops-55490/billingInfo","projectId":"houseops-55490","billingAccountName":"billingAccounts/01A796-DBF2D0-D7A74E","billingEnabled":true}
[debug] [2026-03-17T18:34:54.123Z] Checked if tokens are valid: true, expires at: 1773774308980
[debug] [2026-03-17T18:34:54.123Z] Checked if tokens are valid: true, expires at: 1773774308980
[debug] [2026-03-17T18:34:54.123Z] >>> [apiv2][query] POST https://cloudfunctions.googleapis.com/v2/projects/houseops-55490/locations/us-central1/functions:generateUploadUrl [none]
[debug] [2026-03-17T18:34:54.278Z] <<< [apiv2][status] POST https://cloudfunctions.googleapis.com/v2/projects/houseops-55490/locations/us-central1/functions:generateUploadUrl 200
[debug] [2026-03-17T18:34:54.278Z] <<< [apiv2][body] POST https://cloudfunctions.googleapis.com/v2/projects/houseops-55490/locations/us-central1/functions:generateUploadUrl {"uploadUrl":"https://storage.googleapis.com/gcf-v2-uploads-954807448148.us-central1.cloudfunctions.appspot.com/9ce36182-6c01-4dec-beea-610bde7c1f90.zip?GoogleAccessId=service-954807448148@gcf-admin-robot.iam.gserviceaccount.com&Expires=1773774294&Signature=IFG2%2BgIvJUVksgvPVko3SfV%2BcWVpWwST%2BGg0XfZH3IaMVOq9bjQCeORRteXrFPoOO7zpu5AZcuX5uflOA1GQXf8aJBm%2BiOetuuIRLIVoBd6DLXzqfKcj6Y7ZyTf6SA%2BtmxWv8ZCw9O8zQKCI%2F1xHxZmjIHfRJAzYXzVGywnj1qXlYLiGROKv1kwJ6N2GUR4BeaDcr%2BY0AOZf7z0XZPsas083SkY53wkBYw4yn7E1L3mjQ7QpxYDA48S98OSCtN3hB%2BRq%2FHqiNWAoWUUS%2B8oqFHfKSiJXooXGWoaMEeoDgX6IYXkH4ebpbjXFdp%2FkfgIH6L7qUBmB%2BAdmhNQje3XHew%3D%3D","storageSource":{"bucket":"gcf-v2-uploads-954807448148.us-central1.cloudfunctions.appspot.com","object":"9ce36182-6c01-4dec-beea-610bde7c1f90.zip"}}
[debug] [2026-03-17T18:34:54.279Z] >>> [apiv2][query] PUT https://storage.googleapis.com/gcf-v2-uploads-954807448148.us-central1.cloudfunctions.appspot.com/9ce36182-6c01-4dec-beea-610bde7c1f90.zip GoogleAccessId=service-954807448148%40gcf-admin-robot.iam.gserviceaccount.com&Expires=1773774294&Signature=IFG2%2BgIvJUVksgvPVko3SfV%2BcWVpWwST%2BGg0XfZH3IaMVOq9bjQCeORRteXrFPoOO7zpu5AZcuX5uflOA1GQXf8aJBm%2BiOetuuIRLIVoBd6DLXzqfKcj6Y7ZyTf6SA%2BtmxWv8ZCw9O8zQKCI%2F1xHxZmjIHfRJAzYXzVGywnj1qXlYLiGROKv1kwJ6N2GUR4BeaDcr%2BY0AOZf7z0XZPsas083SkY53wkBYw4yn7E1L3mjQ7QpxYDA48S98OSCtN3hB%2BRq%2FHqiNWAoWUUS%2B8oqFHfKSiJXooXGWoaMEeoDgX6IYXkH4ebpbjXFdp%2FkfgIH6L7qUBmB%2BAdmhNQje3XHew%3D%3D
[debug] [2026-03-17T18:34:54.279Z] >>> [apiv2][body] PUT https://storage.googleapis.com/gcf-v2-uploads-954807448148.us-central1.cloudfunctions.appspot.com/9ce36182-6c01-4dec-beea-610bde7c1f90.zip [stream]
[debug] [2026-03-17T18:34:54.513Z] <<< [apiv2][status] PUT https://storage.googleapis.com/gcf-v2-uploads-954807448148.us-central1.cloudfunctions.appspot.com/9ce36182-6c01-4dec-beea-610bde7c1f90.zip 200
[debug] [2026-03-17T18:34:54.513Z] <<< [apiv2][body] PUT https://storage.googleapis.com/gcf-v2-uploads-954807448148.us-central1.cloudfunctions.appspot.com/9ce36182-6c01-4dec-beea-610bde7c1f90.zip [omitted]
[info] +  functions: functions source uploaded successfully 
[info] i  functions: updating Node.js 20 (2nd Gen) function notifyLowStock(us-central1)... 
[debug] [2026-03-17T18:34:54.517Z] Checked if tokens are valid: true, expires at: 1773774308980
[debug] [2026-03-17T18:34:54.517Z] Checked if tokens are valid: true, expires at: 1773774308980
[debug] [2026-03-17T18:34:54.518Z] >>> [apiv2][query] PATCH https://cloudfunctions.googleapis.com/v2/projects/houseops-55490/locations/us-central1/functions/notifyLowStock updateMask=name%2CbuildConfig.runtime%2CbuildConfig.entryPoint%2CbuildConfig.source.storageSource.bucket%2CbuildConfig.source.storageSource.object%2CbuildConfig.environmentVariables%2CbuildConfig.sourceToken%2CserviceConfig.environmentVariables%2CserviceConfig.ingressSettings%2CserviceConfig.timeoutSeconds%2CserviceConfig.serviceAccountEmail%2CserviceConfig.availableMemory%2CserviceConfig.minInstanceCount%2CserviceConfig.maxInstanceCount%2CserviceConfig.maxInstanceRequestConcurrency%2CserviceConfig.availableCpu%2CserviceConfig.vpcConnector%2CserviceConfig.vpcConnectorEgressSettings%2CserviceConfig.directVpcNetworkInterface%2CserviceConfig.directVpcEgress%2Clabels%2CeventTrigger.eventType%2CeventTrigger.retryPolicy%2CeventTrigger.eventFilters%2CeventTrigger.triggerRegion
[debug] [2026-03-17T18:34:54.518Z] >>> [apiv2][body] PATCH https://cloudfunctions.googleapis.com/v2/projects/houseops-55490/locations/us-central1/functions/notifyLowStock {"name":"projects/houseops-55490/locations/us-central1/functions/notifyLowStock","buildConfig":{"runtime":"nodejs20","entryPoint":"notifyLowStock","source":{"storageSource":{"bucket":"gcf-v2-uploads-954807448148.us-central1.cloudfunctions.appspot.com","object":"9ce36182-6c01-4dec-beea-610bde7c1f90.zip"}},"environmentVariables":{"GOOGLE_NODE_RUN_SCRIPTS":""}},"serviceConfig":{"environmentVariables":{"FIREBASE_CONFIG":"{\"projectId\":\"houseops-55490\",\"storageBucket\":\"houseops-55490.firebasestorage.app\"}","GCLOUD_PROJECT":"houseops-55490","EVENTARC_CLOUD_EVENT_SOURCE":"projects/houseops-55490/locations/us-central1/services/notifyLowStock","FUNCTION_SIGNATURE_TYPE":"cloudevent","FUNCTION_TARGET":"notifyLowStock","LOG_EXECUTION_ID":"true"},"ingressSettings":null,"timeoutSeconds":null,"serviceAccountEmail":null,"availableMemory":"256Mi","minInstanceCount":null,"maxInstanceCount":null,"maxInstanceRequestConcurrency":80,"availableCpu":"1","vpcConnector":null,"vpcConnectorEgressSettings":null,"directVpcNetworkInterface":null,"directVpcEgress":null},"labels":{"deployment-tool":"cli-firebase","firebase-functions-hash":"f58657680a163b84d91a098f7c2b63d49384f77c"},"eventTrigger":{"eventType":"google.cloud.firestore.document.v1.updated","retryPolicy":"RETRY_POLICY_DO_NOT_RETRY","eventFilters":[{"attribute":"database","value":"(default)"},{"attribute":"namespace","value":"(default)"},{"attribute":"document","value":"items/{itemId}","operator":"match-path-pattern"}],"triggerRegion":"nam5"}}
[debug] [2026-03-17T18:34:55.719Z] <<< [apiv2][status] PATCH https://cloudfunctions.googleapis.com/v2/projects/houseops-55490/locations/us-central1/functions/notifyLowStock 200
[debug] [2026-03-17T18:34:55.719Z] <<< [apiv2][body] PATCH https://cloudfunctions.googleapis.com/v2/projects/houseops-55490/locations/us-central1/functions/notifyLowStock {"name":"projects/houseops-55490/locations/us-central1/operations/operation-1773772494762-64d3c97767346-1ea6069f-2c31722c","metadata":{"@type":"type.googleapis.com/google.cloud.functions.v2.OperationMetadata","createTime":"2026-03-17T18:34:55.813031945Z","target":"projects/houseops-55490/locations/us-central1/functions/notifyLowStock","verb":"update","cancelRequested":false,"apiVersion":"v2"},"done":false}
[debug] [2026-03-17T18:34:55.719Z] Checked if tokens are valid: true, expires at: 1773774308980
[debug] [2026-03-17T18:34:55.719Z] Checked if tokens are valid: true, expires at: 1773774308980
[debug] [2026-03-17T18:34:55.719Z] >>> [apiv2][query] GET https://cloudfunctions.googleapis.com/v2/projects/houseops-55490/locations/us-central1/operations/operation-1773772494762-64d3c97767346-1ea6069f-2c31722c [none]
[debug] [2026-03-17T18:34:55.962Z] <<< [apiv2][status] GET https://cloudfunctions.googleapis.com/v2/projects/houseops-55490/locations/us-central1/operations/operation-1773772494762-64d3c97767346-1ea6069f-2c31722c 200
[debug] [2026-03-17T18:34:55.962Z] <<< [apiv2][body] GET https://cloudfunctions.googleapis.com/v2/projects/houseops-55490/locations/us-central1/operations/operation-1773772494762-64d3c97767346-1ea6069f-2c31722c {"name":"projects/houseops-55490/locations/us-central1/operations/operation-1773772494762-64d3c97767346-1ea6069f-2c31722c","metadata":{"@type":"type.googleapis.com/google.cloud.functions.v2.OperationMetadata","createTime":"2026-03-17T18:34:55.813031945Z","target":"projects/houseops-55490/locations/us-central1/functions/notifyLowStock","verb":"update","cancelRequested":false,"apiVersion":"v2","requestResource":{"@type":"type.googleapis.com/google.cloud.functions.v2.Function","name":"projects/houseops-55490/locations/us-central1/functions/notifyLowStock","buildConfig":{"runtime":"nodejs20","entryPoint":"notifyLowStock","source":{"storageSource":{"bucket":"gcf-v2-sources-954807448148-us-central1","object":"notifyLowStock/function-source.zip","generation":"1773772495761175"}},"environmentVariables":{"GOOGLE_NODE_RUN_SCRIPTS":""},"dockerRepository":"projects/houseops-55490/locations/us-central1/repositories/gcf-artifacts","sourceProvenance":{"resolvedStorageSource":{"bucket":"gcf-v2-sources-954807448148-us-central1","object":"notifyLowStock/function-source.zip","generation":"1773761242611968"}},"dockerRegistry":"ARTIFACT_REGISTRY","serviceAccount":"projects/houseops-55490/serviceAccounts/954807448148-compute@developer.gserviceaccount.com","automaticUpdatePolicy":{}},"serviceConfig":{"service":"projects/houseops-55490/locations/us-central1/services/notifylowstock","timeoutSeconds":60,"environmentVariables":{"FIREBASE_CONFIG":"{\"projectId\":\"houseops-55490\",\"storageBucket\":\"houseops-55490.firebasestorage.app\"}","GCLOUD_PROJECT":"houseops-55490","EVENTARC_CLOUD_EVENT_SOURCE":"projects/houseops-55490/locations/us-central1/services/notifyLowStock","FUNCTION_SIGNATURE_TYPE":"cloudevent","FUNCTION_TARGET":"notifyLowStock","LOG_EXECUTION_ID":"true"},"ingressSettings":"ALLOW_ALL","uri":"https://notifylowstock-dq5mfokhaq-uc.a.run.app","serviceAccountEmail":"954807448148-compute@developer.gserviceaccount.com","availableMemory":"256Mi","allTrafficOnLatestRevision":true,"revision":"notifylowstock-00015-sem","maxInstanceRequestConcurrency":80,"availableCpu":"1"},"eventTrigger":{"trigger":"projects/houseops-55490/locations/nam5/triggers/notifylowstock-987375","triggerRegion":"nam5","eventType":"google.cloud.firestore.document.v1.updated","eventFilters":[{"attribute":"database","value":"(default)"},{"attribute":"namespace","value":"(default)"},{"attribute":"document","value":"items/{itemId}","operator":"match-path-pattern"}],"pubsubTopic":"projects/houseops-55490/topics/eventarc-nam5-notifylowstock-987375-723","serviceAccountEmail":"954807448148-compute@developer.gserviceaccount.com","retryPolicy":"RETRY_POLICY_DO_NOT_RETRY"},"state":"ACTIVE","labels":{"deployment-tool":"cli-firebase","firebase-functions-hash":"f58657680a163b84d91a098f7c2b63d49384f77c"},"environment":"GEN_2","url":"https://us-central1-houseops-55490.cloudfunctions.net/notifyLowStock","satisfiesPzi":true},"stages":[{"name":"BUILD","state":"NOT_STARTED","stateMessages":[{"severity":"WARNING","type":"BuildAnalysisWarning","message":"Node.js 20 is no longer supported by the Node.js community as of 30 April, 2026. Node.js 20 will be deprecated on 2026-04-30. We recommend you to upgrade to the latest version of Node.js as soon as possible."}]},{"name":"SERVICE","state":"NOT_STARTED"},{"name":"TRIGGER","state":"NOT_STARTED"}],"operationType":"UPDATE_FUNCTION"},"done":false}
[debug] [2026-03-17T18:34:56.470Z] [update-default-us-central1-notifyLowStock] Retrying task index 0
[debug] [2026-03-17T18:34:56.470Z] Checked if tokens are valid: true, expires at: 1773774308980
[debug] [2026-03-17T18:34:56.470Z] Checked if tokens are valid: true, expires at: 1773774308980
[debug] [2026-03-17T18:34:56.470Z] >>> [apiv2][query] GET https://cloudfunctions.googleapis.com/v2/projects/houseops-55490/locations/us-central1/operations/operation-1773772494762-64d3c97767346-1ea6069f-2c31722c [none]
[debug] [2026-03-17T18:34:56.603Z] <<< [apiv2][status] GET https://cloudfunctions.googleapis.com/v2/projects/houseops-55490/locations/us-central1/operations/operation-1773772494762-64d3c97767346-1ea6069f-2c31722c 200
[debug] [2026-03-17T18:34:56.603Z] <<< [apiv2][body] GET https://cloudfunctions.googleapis.com/v2/projects/houseops-55490/locations/us-central1/operations/operation-1773772494762-64d3c97767346-1ea6069f-2c31722c {"name":"projects/houseops-55490/locations/us-central1/operations/operation-1773772494762-64d3c97767346-1ea6069f-2c31722c","metadata":{"@type":"type.googleapis.com/google.cloud.functions.v2.OperationMetadata","createTime":"2026-03-17T18:34:55.813031945Z","target":"projects/houseops-55490/locations/us-central1/functions/notifyLowStock","verb":"update","cancelRequested":false,"apiVersion":"v2","requestResource":{"@type":"type.googleapis.com/google.cloud.functions.v2.Function","name":"projects/houseops-55490/locations/us-central1/functions/notifyLowStock","buildConfig":{"runtime":"nodejs20","entryPoint":"notifyLowStock","source":{"storageSource":{"bucket":"gcf-v2-sources-954807448148-us-central1","object":"notifyLowStock/function-source.zip","generation":"1773772495761175"}},"environmentVariables":{"GOOGLE_NODE_RUN_SCRIPTS":""},"dockerRepository":"projects/houseops-55490/locations/us-central1/repositories/gcf-artifacts","sourceProvenance":{"resolvedStorageSource":{"bucket":"gcf-v2-sources-954807448148-us-central1","object":"notifyLowStock/function-source.zip","generation":"1773761242611968"}},"dockerRegistry":"ARTIFACT_REGISTRY","serviceAccount":"projects/houseops-55490/serviceAccounts/954807448148-compute@developer.gserviceaccount.com","automaticUpdatePolicy":{}},"serviceConfig":{"service":"projects/houseops-55490/locations/us-central1/services/notifylowstock","timeoutSeconds":60,"environmentVariables":{"FIREBASE_CONFIG":"{\"projectId\":\"houseops-55490\",\"storageBucket\":\"houseops-55490.firebasestorage.app\"}","GCLOUD_PROJECT":"houseops-55490","EVENTARC_CLOUD_EVENT_SOURCE":"projects/houseops-55490/locations/us-central1/services/notifyLowStock","FUNCTION_SIGNATURE_TYPE":"cloudevent","FUNCTION_TARGET":"notifyLowStock","LOG_EXECUTION_ID":"true"},"ingressSettings":"ALLOW_ALL","uri":"https://notifylowstock-dq5mfokhaq-uc.a.run.app","serviceAccountEmail":"954807448148-compute@developer.gserviceaccount.com","availableMemory":"256Mi","allTrafficOnLatestRevision":true,"revision":"notifylowstock-00015-sem","maxInstanceRequestConcurrency":80,"availableCpu":"1"},"eventTrigger":{"trigger":"projects/houseops-55490/locations/nam5/triggers/notifylowstock-987375","triggerRegion":"nam5","eventType":"google.cloud.firestore.document.v1.updated","eventFilters":[{"attribute":"database","value":"(default)"},{"attribute":"namespace","value":"(default)"},{"attribute":"document","value":"items/{itemId}","operator":"match-path-pattern"}],"pubsubTopic":"projects/houseops-55490/topics/eventarc-nam5-notifylowstock-987375-723","serviceAccountEmail":"954807448148-compute@developer.gserviceaccount.com","retryPolicy":"RETRY_POLICY_DO_NOT_RETRY"},"state":"ACTIVE","labels":{"deployment-tool":"cli-firebase","firebase-functions-hash":"f58657680a163b84d91a098f7c2b63d49384f77c"},"environment":"GEN_2","url":"https://us-central1-houseops-55490.cloudfunctions.net/notifyLowStock","satisfiesPzi":true},"stages":[{"name":"BUILD","message":"Creating build","state":"IN_PROGRESS","resource":"projects/954807448148/locations/us-central1/builds/7c8356e9-cf94-4fca-8eb1-f342761d6a61","resourceUri":"https://console.cloud.google.com/cloud-build/builds;region=us-central1/7c8356e9-cf94-4fca-8eb1-f342761d6a61?project=954807448148"},{"name":"SERVICE","state":"NOT_STARTED"},{"name":"TRIGGER","state":"NOT_STARTED"}],"operationType":"UPDATE_FUNCTION","buildName":"projects/954807448148/locations/us-central1/builds/7c8356e9-cf94-4fca-8eb1-f342761d6a61"},"done":false}
[debug] [2026-03-17T18:34:57.608Z] [update-default-us-central1-notifyLowStock] Retrying task index 0
[debug] [2026-03-17T18:34:57.608Z] Checked if tokens are valid: true, expires at: 1773774308980
[debug] [2026-03-17T18:34:57.608Z] Checked if tokens are valid: true, expires at: 1773774308980
[debug] [2026-03-17T18:34:57.608Z] >>> [apiv2][query] GET https://cloudfunctions.googleapis.com/v2/projects/houseops-55490/locations/us-central1/operations/operation-1773772494762-64d3c97767346-1ea6069f-2c31722c [none]
[debug] [2026-03-17T18:34:57.703Z] <<< [apiv2][status] GET https://cloudfunctions.googleapis.com/v2/projects/houseops-55490/locations/us-central1/operations/operation-1773772494762-64d3c97767346-1ea6069f-2c31722c 200
[debug] [2026-03-17T18:34:57.703Z] <<< [apiv2][body] GET https://cloudfunctions.googleapis.com/v2/projects/houseops-55490/locations/us-central1/operations/operation-1773772494762-64d3c97767346-1ea6069f-2c31722c {"name":"projects/houseops-55490/locations/us-central1/operations/operation-1773772494762-64d3c97767346-1ea6069f-2c31722c","metadata":{"@type":"type.googleapis.com/google.cloud.functions.v2.OperationMetadata","createTime":"2026-03-17T18:34:55.813031945Z","target":"projects/houseops-55490/locations/us-central1/functions/notifyLowStock","verb":"update","cancelRequested":false,"apiVersion":"v2","requestResource":{"@type":"type.googleapis.com/google.cloud.functions.v2.Function","name":"projects/houseops-55490/locations/us-central1/functions/notifyLowStock","buildConfig":{"runtime":"nodejs20","entryPoint":"notifyLowStock","source":{"storageSource":{"bucket":"gcf-v2-sources-954807448148-us-central1","object":"notifyLowStock/function-source.zip","generation":"1773772495761175"}},"environmentVariables":{"GOOGLE_NODE_RUN_SCRIPTS":""},"dockerRepository":"projects/houseops-55490/locations/us-central1/repositories/gcf-artifacts","sourceProvenance":{"resolvedStorageSource":{"bucket":"gcf-v2-sources-954807448148-us-central1","object":"notifyLowStock/function-source.zip","generation":"1773761242611968"}},"dockerRegistry":"ARTIFACT_REGISTRY","serviceAccount":"projects/houseops-55490/serviceAccounts/954807448148-compute@developer.gserviceaccount.com","automaticUpdatePolicy":{}},"serviceConfig":{"service":"projects/houseops-55490/locations/us-central1/services/notifylowstock","timeoutSeconds":60,"environmentVariables":{"FIREBASE_CONFIG":"{\"projectId\":\"houseops-55490\",\"storageBucket\":\"houseops-55490.firebasestorage.app\"}","GCLOUD_PROJECT":"houseops-55490","EVENTARC_CLOUD_EVENT_SOURCE":"projects/houseops-55490/locations/us-central1/services/notifyLowStock","FUNCTION_SIGNATURE_TYPE":"cloudevent","FUNCTION_TARGET":"notifyLowStock","LOG_EXECUTION_ID":"true"},"ingressSettings":"ALLOW_ALL","uri":"https://notifylowstock-dq5mfokhaq-uc.a.run.app","serviceAccountEmail":"954807448148-compute@developer.gserviceaccount.com","availableMemory":"256Mi","allTrafficOnLatestRevision":true,"revision":"notifylowstock-00015-sem","maxInstanceRequestConcurrency":80,"availableCpu":"1"},"eventTrigger":{"trigger":"projects/houseops-55490/locations/nam5/triggers/notifylowstock-987375","triggerRegion":"nam5","eventType":"google.cloud.firestore.document.v1.updated","eventFilters":[{"attribute":"database","value":"(default)"},{"attribute":"namespace","value":"(default)"},{"attribute":"document","value":"items/{itemId}","operator":"match-path-pattern"}],"pubsubTopic":"projects/houseops-55490/topics/eventarc-nam5-notifylowstock-987375-723","serviceAccountEmail":"954807448148-compute@developer.gserviceaccount.com","retryPolicy":"RETRY_POLICY_DO_NOT_RETRY"},"state":"ACTIVE","labels":{"deployment-tool":"cli-firebase","firebase-functions-hash":"f58657680a163b84d91a098f7c2b63d49384f77c"},"environment":"GEN_2","url":"https://us-central1-houseops-55490.cloudfunctions.net/notifyLowStock","satisfiesPzi":true},"stages":[{"name":"BUILD","message":"Build in progress","state":"IN_PROGRESS","resource":"projects/954807448148/locations/us-central1/builds/7c8356e9-cf94-4fca-8eb1-f342761d6a61","resourceUri":"https://console.cloud.google.com/cloud-build/builds;region=us-central1/7c8356e9-cf94-4fca-8eb1-f342761d6a61?project=954807448148"},{"name":"SERVICE","state":"NOT_STARTED"},{"name":"TRIGGER","state":"NOT_STARTED"}],"operationType":"UPDATE_FUNCTION","buildName":"projects/954807448148/locations/us-central1/builds/7c8356e9-cf94-4fca-8eb1-f342761d6a61"},"done":false}
[debug] [2026-03-17T18:34:59.711Z] [update-default-us-central1-notifyLowStock] Retrying task index 0
[debug] [2026-03-17T18:34:59.711Z] Checked if tokens are valid: true, expires at: 1773774308980
[debug] [2026-03-17T18:34:59.711Z] Checked if tokens are valid: true, expires at: 1773774308980
[debug] [2026-03-17T18:34:59.711Z] >>> [apiv2][query] GET https://cloudfunctions.googleapis.com/v2/projects/houseops-55490/locations/us-central1/operations/operation-1773772494762-64d3c97767346-1ea6069f-2c31722c [none]
[debug] [2026-03-17T18:34:59.822Z] <<< [apiv2][status] GET https://cloudfunctions.googleapis.com/v2/projects/houseops-55490/locations/us-central1/operations/operation-1773772494762-64d3c97767346-1ea6069f-2c31722c 200
[debug] [2026-03-17T18:34:59.823Z] <<< [apiv2][body] GET https://cloudfunctions.googleapis.com/v2/projects/houseops-55490/locations/us-central1/operations/operation-1773772494762-64d3c97767346-1ea6069f-2c31722c {"name":"projects/houseops-55490/locations/us-central1/operations/operation-1773772494762-64d3c97767346-1ea6069f-2c31722c","metadata":{"@type":"type.googleapis.com/google.cloud.functions.v2.OperationMetadata","createTime":"2026-03-17T18:34:55.813031945Z","target":"projects/houseops-55490/locations/us-central1/functions/notifyLowStock","verb":"update","cancelRequested":false,"apiVersion":"v2","requestResource":{"@type":"type.googleapis.com/google.cloud.functions.v2.Function","name":"projects/houseops-55490/locations/us-central1/functions/notifyLowStock","buildConfig":{"runtime":"nodejs20","entryPoint":"notifyLowStock","source":{"storageSource":{"bucket":"gcf-v2-sources-954807448148-us-central1","object":"notifyLowStock/function-source.zip","generation":"1773772495761175"}},"environmentVariables":{"GOOGLE_NODE_RUN_SCRIPTS":""},"dockerRepository":"projects/houseops-55490/locations/us-central1/repositories/gcf-artifacts","sourceProvenance":{"resolvedStorageSource":{"bucket":"gcf-v2-sources-954807448148-us-central1","object":"notifyLowStock/function-source.zip","generation":"1773761242611968"}},"dockerRegistry":"ARTIFACT_REGISTRY","serviceAccount":"projects/houseops-55490/serviceAccounts/954807448148-compute@developer.gserviceaccount.com","automaticUpdatePolicy":{}},"serviceConfig":{"service":"projects/houseops-55490/locations/us-central1/services/notifylowstock","timeoutSeconds":60,"environmentVariables":{"FIREBASE_CONFIG":"{\"projectId\":\"houseops-55490\",\"storageBucket\":\"houseops-55490.firebasestorage.app\"}","GCLOUD_PROJECT":"houseops-55490","EVENTARC_CLOUD_EVENT_SOURCE":"projects/houseops-55490/locations/us-central1/services/notifyLowStock","FUNCTION_SIGNATURE_TYPE":"cloudevent","FUNCTION_TARGET":"notifyLowStock","LOG_EXECUTION_ID":"true"},"ingressSettings":"ALLOW_ALL","uri":"https://notifylowstock-dq5mfokhaq-uc.a.run.app","serviceAccountEmail":"954807448148-compute@developer.gserviceaccount.com","availableMemory":"256Mi","allTrafficOnLatestRevision":true,"revision":"notifylowstock-00015-sem","maxInstanceRequestConcurrency":80,"availableCpu":"1"},"eventTrigger":{"trigger":"projects/houseops-55490/locations/nam5/triggers/notifylowstock-987375","triggerRegion":"nam5","eventType":"google.cloud.firestore.document.v1.updated","eventFilters":[{"attribute":"database","value":"(default)"},{"attribute":"namespace","value":"(default)"},{"attribute":"document","value":"items/{itemId}","operator":"match-path-pattern"}],"pubsubTopic":"projects/houseops-55490/topics/eventarc-nam5-notifylowstock-987375-723","serviceAccountEmail":"954807448148-compute@developer.gserviceaccount.com","retryPolicy":"RETRY_POLICY_DO_NOT_RETRY"},"state":"ACTIVE","labels":{"deployment-tool":"cli-firebase","firebase-functions-hash":"f58657680a163b84d91a098f7c2b63d49384f77c"},"environment":"GEN_2","url":"https://us-central1-houseops-55490.cloudfunctions.net/notifyLowStock","satisfiesPzi":true},"stages":[{"name":"BUILD","message":"Build in progress","state":"IN_PROGRESS","resource":"projects/954807448148/locations/us-central1/builds/7c8356e9-cf94-4fca-8eb1-f342761d6a61","resourceUri":"https://console.cloud.google.com/cloud-build/builds;region=us-central1/7c8356e9-cf94-4fca-8eb1-f342761d6a61?project=954807448148"},{"name":"SERVICE","state":"NOT_STARTED"},{"name":"TRIGGER","state":"NOT_STARTED"}],"operationType":"UPDATE_FUNCTION","buildName":"projects/954807448148/locations/us-central1/builds/7c8356e9-cf94-4fca-8eb1-f342761d6a61"},"done":false}
[debug] [2026-03-17T18:35:03.827Z] [update-default-us-central1-notifyLowStock] Retrying task index 0
[debug] [2026-03-17T18:35:03.828Z] Checked if tokens are valid: true, expires at: 1773774308980
[debug] [2026-03-17T18:35:03.828Z] Checked if tokens are valid: true, expires at: 1773774308980
[debug] [2026-03-17T18:35:03.829Z] >>> [apiv2][query] GET https://cloudfunctions.googleapis.com/v2/projects/houseops-55490/locations/us-central1/operations/operation-1773772494762-64d3c97767346-1ea6069f-2c31722c [none]
[debug] [2026-03-17T18:35:04.006Z] <<< [apiv2][status] GET https://cloudfunctions.googleapis.com/v2/projects/houseops-55490/locations/us-central1/operations/operation-1773772494762-64d3c97767346-1ea6069f-2c31722c 200
[debug] [2026-03-17T18:35:04.007Z] <<< [apiv2][body] GET https://cloudfunctions.googleapis.com/v2/projects/houseops-55490/locations/us-central1/operations/operation-1773772494762-64d3c97767346-1ea6069f-2c31722c {"name":"projects/houseops-55490/locations/us-central1/operations/operation-1773772494762-64d3c97767346-1ea6069f-2c31722c","metadata":{"@type":"type.googleapis.com/google.cloud.functions.v2.OperationMetadata","createTime":"2026-03-17T18:34:55.813031945Z","target":"projects/houseops-55490/locations/us-central1/functions/notifyLowStock","verb":"update","cancelRequested":false,"apiVersion":"v2","requestResource":{"@type":"type.googleapis.com/google.cloud.functions.v2.Function","name":"projects/houseops-55490/locations/us-central1/functions/notifyLowStock","buildConfig":{"runtime":"nodejs20","entryPoint":"notifyLowStock","source":{"storageSource":{"bucket":"gcf-v2-sources-954807448148-us-central1","object":"notifyLowStock/function-source.zip","generation":"1773772495761175"}},"environmentVariables":{"GOOGLE_NODE_RUN_SCRIPTS":""},"dockerRepository":"projects/houseops-55490/locations/us-central1/repositories/gcf-artifacts","sourceProvenance":{"resolvedStorageSource":{"bucket":"gcf-v2-sources-954807448148-us-central1","object":"notifyLowStock/function-source.zip","generation":"1773761242611968"}},"dockerRegistry":"ARTIFACT_REGISTRY","serviceAccount":"projects/houseops-55490/serviceAccounts/954807448148-compute@developer.gserviceaccount.com","automaticUpdatePolicy":{}},"serviceConfig":{"service":"projects/houseops-55490/locations/us-central1/services/notifylowstock","timeoutSeconds":60,"environmentVariables":{"FIREBASE_CONFIG":"{\"projectId\":\"houseops-55490\",\"storageBucket\":\"houseops-55490.firebasestorage.app\"}","GCLOUD_PROJECT":"houseops-55490","EVENTARC_CLOUD_EVENT_SOURCE":"projects/houseops-55490/locations/us-central1/services/notifyLowStock","FUNCTION_SIGNATURE_TYPE":"cloudevent","FUNCTION_TARGET":"notifyLowStock","LOG_EXECUTION_ID":"true"},"ingressSettings":"ALLOW_ALL","uri":"https://notifylowstock-dq5mfokhaq-uc.a.run.app","serviceAccountEmail":"954807448148-compute@developer.gserviceaccount.com","availableMemory":"256Mi","allTrafficOnLatestRevision":true,"revision":"notifylowstock-00015-sem","maxInstanceRequestConcurrency":80,"availableCpu":"1"},"eventTrigger":{"trigger":"projects/houseops-55490/locations/nam5/triggers/notifylowstock-987375","triggerRegion":"nam5","eventType":"google.cloud.firestore.document.v1.updated","eventFilters":[{"attribute":"database","value":"(default)"},{"attribute":"namespace","value":"(default)"},{"attribute":"document","value":"items/{itemId}","operator":"match-path-pattern"}],"pubsubTopic":"projects/houseops-55490/topics/eventarc-nam5-notifylowstock-987375-723","serviceAccountEmail":"954807448148-compute@developer.gserviceaccount.com","retryPolicy":"RETRY_POLICY_DO_NOT_RETRY"},"state":"ACTIVE","labels":{"deployment-tool":"cli-firebase","firebase-functions-hash":"f58657680a163b84d91a098f7c2b63d49384f77c"},"environment":"GEN_2","url":"https://us-central1-houseops-55490.cloudfunctions.net/notifyLowStock","satisfiesPzi":true},"stages":[{"name":"BUILD","message":"Build in progress","state":"IN_PROGRESS","resource":"projects/954807448148/locations/us-central1/builds/7c8356e9-cf94-4fca-8eb1-f342761d6a61","resourceUri":"https://console.cloud.google.com/cloud-build/builds;region=us-central1/7c8356e9-cf94-4fca-8eb1-f342761d6a61?project=954807448148"},{"name":"SERVICE","state":"NOT_STARTED"},{"name":"TRIGGER","state":"NOT_STARTED"}],"operationType":"UPDATE_FUNCTION","buildName":"projects/954807448148/locations/us-central1/builds/7c8356e9-cf94-4fca-8eb1-f342761d6a61"},"done":false}
[debug] [2026-03-17T18:35:12.022Z] [update-default-us-central1-notifyLowStock] Retrying task index 0
[debug] [2026-03-17T18:35:12.022Z] Checked if tokens are valid: true, expires at: 1773774308980
[debug] [2026-03-17T18:35:12.022Z] Checked if tokens are valid: true, expires at: 1773774308980
[debug] [2026-03-17T18:35:12.022Z] >>> [apiv2][query] GET https://cloudfunctions.googleapis.com/v2/projects/houseops-55490/locations/us-central1/operations/operation-1773772494762-64d3c97767346-1ea6069f-2c31722c [none]
[debug] [2026-03-17T18:35:12.175Z] <<< [apiv2][status] GET https://cloudfunctions.googleapis.com/v2/projects/houseops-55490/locations/us-central1/operations/operation-1773772494762-64d3c97767346-1ea6069f-2c31722c 200
[debug] [2026-03-17T18:35:12.175Z] <<< [apiv2][body] GET https://cloudfunctions.googleapis.com/v2/projects/houseops-55490/locations/us-central1/operations/operation-1773772494762-64d3c97767346-1ea6069f-2c31722c {"name":"projects/houseops-55490/locations/us-central1/operations/operation-1773772494762-64d3c97767346-1ea6069f-2c31722c","metadata":{"@type":"type.googleapis.com/google.cloud.functions.v2.OperationMetadata","createTime":"2026-03-17T18:34:55.813031945Z","target":"projects/houseops-55490/locations/us-central1/functions/notifyLowStock","verb":"update","cancelRequested":false,"apiVersion":"v2","requestResource":{"@type":"type.googleapis.com/google.cloud.functions.v2.Function","name":"projects/houseops-55490/locations/us-central1/functions/notifyLowStock","buildConfig":{"runtime":"nodejs20","entryPoint":"notifyLowStock","source":{"storageSource":{"bucket":"gcf-v2-sources-954807448148-us-central1","object":"notifyLowStock/function-source.zip","generation":"1773772495761175"}},"environmentVariables":{"GOOGLE_NODE_RUN_SCRIPTS":""},"dockerRepository":"projects/houseops-55490/locations/us-central1/repositories/gcf-artifacts","sourceProvenance":{"resolvedStorageSource":{"bucket":"gcf-v2-sources-954807448148-us-central1","object":"notifyLowStock/function-source.zip","generation":"1773761242611968"}},"dockerRegistry":"ARTIFACT_REGISTRY","serviceAccount":"projects/houseops-55490/serviceAccounts/954807448148-compute@developer.gserviceaccount.com","automaticUpdatePolicy":{}},"serviceConfig":{"service":"projects/houseops-55490/locations/us-central1/services/notifylowstock","timeoutSeconds":60,"environmentVariables":{"FIREBASE_CONFIG":"{\"projectId\":\"houseops-55490\",\"storageBucket\":\"houseops-55490.firebasestorage.app\"}","GCLOUD_PROJECT":"houseops-55490","EVENTARC_CLOUD_EVENT_SOURCE":"projects/houseops-55490/locations/us-central1/services/notifyLowStock","FUNCTION_SIGNATURE_TYPE":"cloudevent","FUNCTION_TARGET":"notifyLowStock","LOG_EXECUTION_ID":"true"},"ingressSettings":"ALLOW_ALL","uri":"https://notifylowstock-dq5mfokhaq-uc.a.run.app","serviceAccountEmail":"954807448148-compute@developer.gserviceaccount.com","availableMemory":"256Mi","allTrafficOnLatestRevision":true,"revision":"notifylowstock-00015-sem","maxInstanceRequestConcurrency":80,"availableCpu":"1"},"eventTrigger":{"trigger":"projects/houseops-55490/locations/nam5/triggers/notifylowstock-987375","triggerRegion":"nam5","eventType":"google.cloud.firestore.document.v1.updated","eventFilters":[{"attribute":"database","value":"(default)"},{"attribute":"namespace","value":"(default)"},{"attribute":"document","value":"items/{itemId}","operator":"match-path-pattern"}],"pubsubTopic":"projects/houseops-55490/topics/eventarc-nam5-notifylowstock-987375-723","serviceAccountEmail":"954807448148-compute@developer.gserviceaccount.com","retryPolicy":"RETRY_POLICY_DO_NOT_RETRY"},"state":"ACTIVE","labels":{"deployment-tool":"cli-firebase","firebase-functions-hash":"f58657680a163b84d91a098f7c2b63d49384f77c"},"environment":"GEN_2","url":"https://us-central1-houseops-55490.cloudfunctions.net/notifyLowStock","satisfiesPzi":true},"stages":[{"name":"BUILD","message":"Build in progress","state":"IN_PROGRESS","resource":"projects/954807448148/locations/us-central1/builds/7c8356e9-cf94-4fca-8eb1-f342761d6a61","resourceUri":"https://console.cloud.google.com/cloud-build/builds;region=us-central1/7c8356e9-cf94-4fca-8eb1-f342761d6a61?project=954807448148"},{"name":"SERVICE","state":"NOT_STARTED"},{"name":"TRIGGER","state":"NOT_STARTED"}],"operationType":"UPDATE_FUNCTION","buildName":"projects/954807448148/locations/us-central1/builds/7c8356e9-cf94-4fca-8eb1-f342761d6a61"},"done":false}
[debug] [2026-03-17T18:35:22.186Z] [update-default-us-central1-notifyLowStock] Retrying task index 0
[debug] [2026-03-17T18:35:22.186Z] Checked if tokens are valid: true, expires at: 1773774308980
[debug] [2026-03-17T18:35:22.187Z] Checked if tokens are valid: true, expires at: 1773774308980
[debug] [2026-03-17T18:35:22.187Z] >>> [apiv2][query] GET https://cloudfunctions.googleapis.com/v2/projects/houseops-55490/locations/us-central1/operations/operation-1773772494762-64d3c97767346-1ea6069f-2c31722c [none]
[debug] [2026-03-17T18:35:22.493Z] <<< [apiv2][status] GET https://cloudfunctions.googleapis.com/v2/projects/houseops-55490/locations/us-central1/operations/operation-1773772494762-64d3c97767346-1ea6069f-2c31722c 200
[debug] [2026-03-17T18:35:22.493Z] <<< [apiv2][body] GET https://cloudfunctions.googleapis.com/v2/projects/houseops-55490/locations/us-central1/operations/operation-1773772494762-64d3c97767346-1ea6069f-2c31722c {"name":"projects/houseops-55490/locations/us-central1/operations/operation-1773772494762-64d3c97767346-1ea6069f-2c31722c","metadata":{"@type":"type.googleapis.com/google.cloud.functions.v2.OperationMetadata","createTime":"2026-03-17T18:34:55.813031945Z","target":"projects/houseops-55490/locations/us-central1/functions/notifyLowStock","verb":"update","cancelRequested":false,"apiVersion":"v2","requestResource":{"@type":"type.googleapis.com/google.cloud.functions.v2.Function","name":"projects/houseops-55490/locations/us-central1/functions/notifyLowStock","buildConfig":{"runtime":"nodejs20","entryPoint":"notifyLowStock","source":{"storageSource":{"bucket":"gcf-v2-sources-954807448148-us-central1","object":"notifyLowStock/function-source.zip","generation":"1773772495761175"}},"environmentVariables":{"GOOGLE_NODE_RUN_SCRIPTS":""},"dockerRepository":"projects/houseops-55490/locations/us-central1/repositories/gcf-artifacts","sourceProvenance":{"resolvedStorageSource":{"bucket":"gcf-v2-sources-954807448148-us-central1","object":"notifyLowStock/function-source.zip","generation":"1773761242611968"}},"dockerRegistry":"ARTIFACT_REGISTRY","serviceAccount":"projects/houseops-55490/serviceAccounts/954807448148-compute@developer.gserviceaccount.com","automaticUpdatePolicy":{}},"serviceConfig":{"service":"projects/houseops-55490/locations/us-central1/services/notifylowstock","timeoutSeconds":60,"environmentVariables":{"FIREBASE_CONFIG":"{\"projectId\":\"houseops-55490\",\"storageBucket\":\"houseops-55490.firebasestorage.app\"}","GCLOUD_PROJECT":"houseops-55490","EVENTARC_CLOUD_EVENT_SOURCE":"projects/houseops-55490/locations/us-central1/services/notifyLowStock","FUNCTION_SIGNATURE_TYPE":"cloudevent","FUNCTION_TARGET":"notifyLowStock","LOG_EXECUTION_ID":"true"},"ingressSettings":"ALLOW_ALL","uri":"https://notifylowstock-dq5mfokhaq-uc.a.run.app","serviceAccountEmail":"954807448148-compute@developer.gserviceaccount.com","availableMemory":"256Mi","allTrafficOnLatestRevision":true,"revision":"notifylowstock-00015-sem","maxInstanceRequestConcurrency":80,"availableCpu":"1"},"eventTrigger":{"trigger":"projects/houseops-55490/locations/nam5/triggers/notifylowstock-987375","triggerRegion":"nam5","eventType":"google.cloud.firestore.document.v1.updated","eventFilters":[{"attribute":"database","value":"(default)"},{"attribute":"namespace","value":"(default)"},{"attribute":"document","value":"items/{itemId}","operator":"match-path-pattern"}],"pubsubTopic":"projects/houseops-55490/topics/eventarc-nam5-notifylowstock-987375-723","serviceAccountEmail":"954807448148-compute@developer.gserviceaccount.com","retryPolicy":"RETRY_POLICY_DO_NOT_RETRY"},"state":"ACTIVE","labels":{"deployment-tool":"cli-firebase","firebase-functions-hash":"f58657680a163b84d91a098f7c2b63d49384f77c"},"environment":"GEN_2","url":"https://us-central1-houseops-55490.cloudfunctions.net/notifyLowStock","satisfiesPzi":true},"stages":[{"name":"BUILD","message":"Build in progress","state":"IN_PROGRESS","resource":"projects/954807448148/locations/us-central1/builds/7c8356e9-cf94-4fca-8eb1-f342761d6a61","resourceUri":"https://console.cloud.google.com/cloud-build/builds;region=us-central1/7c8356e9-cf94-4fca-8eb1-f342761d6a61?project=954807448148"},{"name":"SERVICE","state":"NOT_STARTED"},{"name":"TRIGGER","state":"NOT_STARTED"}],"operationType":"UPDATE_FUNCTION","buildName":"projects/954807448148/locations/us-central1/builds/7c8356e9-cf94-4fca-8eb1-f342761d6a61"},"done":false}
[debug] [2026-03-17T18:35:32.493Z] [update-default-us-central1-notifyLowStock] Retrying task index 0
[debug] [2026-03-17T18:35:32.494Z] Checked if tokens are valid: true, expires at: 1773774308980
[debug] [2026-03-17T18:35:32.494Z] Checked if tokens are valid: true, expires at: 1773774308980
[debug] [2026-03-17T18:35:32.494Z] >>> [apiv2][query] GET https://cloudfunctions.googleapis.com/v2/projects/houseops-55490/locations/us-central1/operations/operation-1773772494762-64d3c97767346-1ea6069f-2c31722c [none]
[debug] [2026-03-17T18:35:32.692Z] <<< [apiv2][status] GET https://cloudfunctions.googleapis.com/v2/projects/houseops-55490/locations/us-central1/operations/operation-1773772494762-64d3c97767346-1ea6069f-2c31722c 200
[debug] [2026-03-17T18:35:32.692Z] <<< [apiv2][body] GET https://cloudfunctions.googleapis.com/v2/projects/houseops-55490/locations/us-central1/operations/operation-1773772494762-64d3c97767346-1ea6069f-2c31722c {"name":"projects/houseops-55490/locations/us-central1/operations/operation-1773772494762-64d3c97767346-1ea6069f-2c31722c","metadata":{"@type":"type.googleapis.com/google.cloud.functions.v2.OperationMetadata","createTime":"2026-03-17T18:34:55.813031945Z","target":"projects/houseops-55490/locations/us-central1/functions/notifyLowStock","verb":"update","cancelRequested":false,"apiVersion":"v2","requestResource":{"@type":"type.googleapis.com/google.cloud.functions.v2.Function","name":"projects/houseops-55490/locations/us-central1/functions/notifyLowStock","buildConfig":{"runtime":"nodejs20","entryPoint":"notifyLowStock","source":{"storageSource":{"bucket":"gcf-v2-sources-954807448148-us-central1","object":"notifyLowStock/function-source.zip","generation":"1773772495761175"}},"environmentVariables":{"GOOGLE_NODE_RUN_SCRIPTS":""},"dockerRepository":"projects/houseops-55490/locations/us-central1/repositories/gcf-artifacts","sourceProvenance":{"resolvedStorageSource":{"bucket":"gcf-v2-sources-954807448148-us-central1","object":"notifyLowStock/function-source.zip","generation":"1773761242611968"}},"dockerRegistry":"ARTIFACT_REGISTRY","serviceAccount":"projects/houseops-55490/serviceAccounts/954807448148-compute@developer.gserviceaccount.com","automaticUpdatePolicy":{}},"serviceConfig":{"service":"projects/houseops-55490/locations/us-central1/services/notifylowstock","timeoutSeconds":60,"environmentVariables":{"FIREBASE_CONFIG":"{\"projectId\":\"houseops-55490\",\"storageBucket\":\"houseops-55490.firebasestorage.app\"}","GCLOUD_PROJECT":"houseops-55490","EVENTARC_CLOUD_EVENT_SOURCE":"projects/houseops-55490/locations/us-central1/services/notifyLowStock","FUNCTION_SIGNATURE_TYPE":"cloudevent","FUNCTION_TARGET":"notifyLowStock","LOG_EXECUTION_ID":"true"},"ingressSettings":"ALLOW_ALL","uri":"https://notifylowstock-dq5mfokhaq-uc.a.run.app","serviceAccountEmail":"954807448148-compute@developer.gserviceaccount.com","availableMemory":"256Mi","allTrafficOnLatestRevision":true,"revision":"notifylowstock-00015-sem","maxInstanceRequestConcurrency":80,"availableCpu":"1"},"eventTrigger":{"trigger":"projects/houseops-55490/locations/nam5/triggers/notifylowstock-987375","triggerRegion":"nam5","eventType":"google.cloud.firestore.document.v1.updated","eventFilters":[{"attribute":"database","value":"(default)"},{"attribute":"namespace","value":"(default)"},{"attribute":"document","value":"items/{itemId}","operator":"match-path-pattern"}],"pubsubTopic":"projects/houseops-55490/topics/eventarc-nam5-notifylowstock-987375-723","serviceAccountEmail":"954807448148-compute@developer.gserviceaccount.com","retryPolicy":"RETRY_POLICY_DO_NOT_RETRY"},"state":"ACTIVE","labels":{"deployment-tool":"cli-firebase","firebase-functions-hash":"f58657680a163b84d91a098f7c2b63d49384f77c"},"environment":"GEN_2","url":"https://us-central1-houseops-55490.cloudfunctions.net/notifyLowStock","satisfiesPzi":true},"stages":[{"name":"BUILD","message":"Build in progress","state":"IN_PROGRESS","resource":"projects/954807448148/locations/us-central1/builds/7c8356e9-cf94-4fca-8eb1-f342761d6a61","resourceUri":"https://console.cloud.google.com/cloud-build/builds;region=us-central1/7c8356e9-cf94-4fca-8eb1-f342761d6a61?project=954807448148"},{"name":"SERVICE","state":"NOT_STARTED"},{"name":"TRIGGER","state":"NOT_STARTED"}],"operationType":"UPDATE_FUNCTION","buildName":"projects/954807448148/locations/us-central1/builds/7c8356e9-cf94-4fca-8eb1-f342761d6a61"},"done":false}
[debug] [2026-03-17T18:35:42.694Z] [update-default-us-central1-notifyLowStock] Retrying task index 0
[debug] [2026-03-17T18:35:42.694Z] Checked if tokens are valid: true, expires at: 1773774308980
[debug] [2026-03-17T18:35:42.694Z] Checked if tokens are valid: true, expires at: 1773774308980
[debug] [2026-03-17T18:35:42.695Z] >>> [apiv2][query] GET https://cloudfunctions.googleapis.com/v2/projects/houseops-55490/locations/us-central1/operations/operation-1773772494762-64d3c97767346-1ea6069f-2c31722c [none]
[debug] [2026-03-17T18:35:42.819Z] <<< [apiv2][status] GET https://cloudfunctions.googleapis.com/v2/projects/houseops-55490/locations/us-central1/operations/operation-1773772494762-64d3c97767346-1ea6069f-2c31722c 200
[debug] [2026-03-17T18:35:42.819Z] <<< [apiv2][body] GET https://cloudfunctions.googleapis.com/v2/projects/houseops-55490/locations/us-central1/operations/operation-1773772494762-64d3c97767346-1ea6069f-2c31722c {"name":"projects/houseops-55490/locations/us-central1/operations/operation-1773772494762-64d3c97767346-1ea6069f-2c31722c","metadata":{"@type":"type.googleapis.com/google.cloud.functions.v2.OperationMetadata","createTime":"2026-03-17T18:34:55.813031945Z","target":"projects/houseops-55490/locations/us-central1/functions/notifyLowStock","verb":"update","cancelRequested":false,"apiVersion":"v2","requestResource":{"@type":"type.googleapis.com/google.cloud.functions.v2.Function","name":"projects/houseops-55490/locations/us-central1/functions/notifyLowStock","buildConfig":{"runtime":"nodejs20","entryPoint":"notifyLowStock","source":{"storageSource":{"bucket":"gcf-v2-sources-954807448148-us-central1","object":"notifyLowStock/function-source.zip","generation":"1773772495761175"}},"environmentVariables":{"GOOGLE_NODE_RUN_SCRIPTS":""},"dockerRepository":"projects/houseops-55490/locations/us-central1/repositories/gcf-artifacts","sourceProvenance":{"resolvedStorageSource":{"bucket":"gcf-v2-sources-954807448148-us-central1","object":"notifyLowStock/function-source.zip","generation":"1773761242611968"}},"dockerRegistry":"ARTIFACT_REGISTRY","serviceAccount":"projects/houseops-55490/serviceAccounts/954807448148-compute@developer.gserviceaccount.com","automaticUpdatePolicy":{}},"serviceConfig":{"service":"projects/houseops-55490/locations/us-central1/services/notifylowstock","timeoutSeconds":60,"environmentVariables":{"FIREBASE_CONFIG":"{\"projectId\":\"houseops-55490\",\"storageBucket\":\"houseops-55490.firebasestorage.app\"}","GCLOUD_PROJECT":"houseops-55490","EVENTARC_CLOUD_EVENT_SOURCE":"projects/houseops-55490/locations/us-central1/services/notifyLowStock","FUNCTION_SIGNATURE_TYPE":"cloudevent","FUNCTION_TARGET":"notifyLowStock","LOG_EXECUTION_ID":"true"},"ingressSettings":"ALLOW_ALL","uri":"https://notifylowstock-dq5mfokhaq-uc.a.run.app","serviceAccountEmail":"954807448148-compute@developer.gserviceaccount.com","availableMemory":"256Mi","allTrafficOnLatestRevision":true,"revision":"notifylowstock-00015-sem","maxInstanceRequestConcurrency":80,"availableCpu":"1"},"eventTrigger":{"trigger":"projects/houseops-55490/locations/nam5/triggers/notifylowstock-987375","triggerRegion":"nam5","eventType":"google.cloud.firestore.document.v1.updated","eventFilters":[{"attribute":"database","value":"(default)"},{"attribute":"namespace","value":"(default)"},{"attribute":"document","value":"items/{itemId}","operator":"match-path-pattern"}],"pubsubTopic":"projects/houseops-55490/topics/eventarc-nam5-notifylowstock-987375-723","serviceAccountEmail":"954807448148-compute@developer.gserviceaccount.com","retryPolicy":"RETRY_POLICY_DO_NOT_RETRY"},"state":"ACTIVE","labels":{"deployment-tool":"cli-firebase","firebase-functions-hash":"f58657680a163b84d91a098f7c2b63d49384f77c"},"environment":"GEN_2","url":"https://us-central1-houseops-55490.cloudfunctions.net/notifyLowStock","satisfiesPzi":true},"stages":[{"name":"BUILD","message":"Build finished","state":"COMPLETE","resource":"projects/954807448148/locations/us-central1/builds/7c8356e9-cf94-4fca-8eb1-f342761d6a61","resourceUri":"https://console.cloud.google.com/cloud-build/builds;region=us-central1/7c8356e9-cf94-4fca-8eb1-f342761d6a61?project=954807448148"},{"name":"SERVICE","message":"Updating Cloud Run service","state":"IN_PROGRESS","resource":"projects/houseops-55490/locations/us-central1/services/notifylowstock","resourceUri":"https://console.cloud.google.com/run/detail/us-central1/notifylowstock?project=houseops-55490","stateMessages":[{"severity":"INFO","type":"CloudRunServiceNewRevisionTrafficInfo","message":"A new revision will be deployed serving with 100% traffic."}]},{"name":"TRIGGER","state":"NOT_STARTED"}],"sourceToken":"Cldwcm9qZWN0cy85NTQ4MDc0NDgxNDgvbG9jYXRpb25zL3VzLWNlbnRyYWwxL2J1aWxkcy83YzgzNTZlOS1jZjk0LTRmY2EtOGViMS1mMzQyNzYxZDZhNjEScXVzLWNlbnRyYWwxLWRvY2tlci5wa2cuZGV2L2hvdXNlb3BzLTU1NDkwL2djZi1hcnRpZmFjdHMvaG91c2VvcHMtLTU1NDkwX191cy0tY2VudHJhbDFfX25vdGlmeV9sb3dfc3RvY2s6dmVyc2lvbl8xGNTk1ffkGyJGcHJvamVjdHMvaG91c2VvcHMtNTU0OTAvbG9jYXRpb25zL3VzLWNlbnRyYWwxL2Z1bmN0aW9ucy9ub3RpZnlMb3dTdG9jayoMCPi95s0GEOj7hMoDMghub2RlanMyMDp2CiNnY3IuaW8vZ2FlLXJ1bnRpbWVzL25vZGVqczIwOnN0YWJsZRJPdXMtY2VudHJhbDEtZG9ja2VyLnBrZy5kZXYvc2VydmVybGVzcy1ydW50aW1lcy9nb29nbGUtMjItZnVsbC9ydW50aW1lcy9ub2RlanMyMEAB","operationType":"UPDATE_FUNCTION","buildName":"projects/954807448148/locations/us-central1/builds/7c8356e9-cf94-4fca-8eb1-f342761d6a61"},"done":false}
[debug] [2026-03-17T18:35:42.820Z] Got source token Cldwcm9qZWN0cy85NTQ4MDc0NDgxNDgvbG9jYXRpb25zL3VzLWNlbnRyYWwxL2J1aWxkcy83YzgzNTZlOS1jZjk0LTRmY2EtOGViMS1mMzQyNzYxZDZhNjEScXVzLWNlbnRyYWwxLWRvY2tlci5wa2cuZGV2L2hvdXNlb3BzLTU1NDkwL2djZi1hcnRpZmFjdHMvaG91c2VvcHMtLTU1NDkwX191cy0tY2VudHJhbDFfX25vdGlmeV9sb3dfc3RvY2s6dmVyc2lvbl8xGNTk1ffkGyJGcHJvamVjdHMvaG91c2VvcHMtNTU0OTAvbG9jYXRpb25zL3VzLWNlbnRyYWwxL2Z1bmN0aW9ucy9ub3RpZnlMb3dTdG9jayoMCPi95s0GEOj7hMoDMghub2RlanMyMDp2CiNnY3IuaW8vZ2FlLXJ1bnRpbWVzL25vZGVqczIwOnN0YWJsZRJPdXMtY2VudHJhbDEtZG9ja2VyLnBrZy5kZXYvc2VydmVybGVzcy1ydW50aW1lcy9nb29nbGUtMjItZnVsbC9ydW50aW1lcy9ub2RlanMyMEAB for region us-central1
[debug] [2026-03-17T18:35:52.823Z] [update-default-us-central1-notifyLowStock] Retrying task index 0
[debug] [2026-03-17T18:35:52.824Z] Checked if tokens are valid: true, expires at: 1773774308980
[debug] [2026-03-17T18:35:52.824Z] Checked if tokens are valid: true, expires at: 1773774308980
[debug] [2026-03-17T18:35:52.824Z] >>> [apiv2][query] GET https://cloudfunctions.googleapis.com/v2/projects/houseops-55490/locations/us-central1/operations/operation-1773772494762-64d3c97767346-1ea6069f-2c31722c [none]
[debug] [2026-03-17T18:35:53.399Z] <<< [apiv2][status] GET https://cloudfunctions.googleapis.com/v2/projects/houseops-55490/locations/us-central1/operations/operation-1773772494762-64d3c97767346-1ea6069f-2c31722c 200
[debug] [2026-03-17T18:35:53.399Z] <<< [apiv2][body] GET https://cloudfunctions.googleapis.com/v2/projects/houseops-55490/locations/us-central1/operations/operation-1773772494762-64d3c97767346-1ea6069f-2c31722c {"name":"projects/houseops-55490/locations/us-central1/operations/operation-1773772494762-64d3c97767346-1ea6069f-2c31722c","metadata":{"@type":"type.googleapis.com/google.cloud.functions.v2.OperationMetadata","createTime":"2026-03-17T18:34:55.813031945Z","target":"projects/houseops-55490/locations/us-central1/functions/notifyLowStock","verb":"update","cancelRequested":false,"apiVersion":"v2","requestResource":{"@type":"type.googleapis.com/google.cloud.functions.v2.Function","name":"projects/houseops-55490/locations/us-central1/functions/notifyLowStock","buildConfig":{"runtime":"nodejs20","entryPoint":"notifyLowStock","source":{"storageSource":{"bucket":"gcf-v2-sources-954807448148-us-central1","object":"notifyLowStock/function-source.zip","generation":"1773772495761175"}},"environmentVariables":{"GOOGLE_NODE_RUN_SCRIPTS":""},"dockerRepository":"projects/houseops-55490/locations/us-central1/repositories/gcf-artifacts","sourceProvenance":{"resolvedStorageSource":{"bucket":"gcf-v2-sources-954807448148-us-central1","object":"notifyLowStock/function-source.zip","generation":"1773761242611968"}},"dockerRegistry":"ARTIFACT_REGISTRY","serviceAccount":"projects/houseops-55490/serviceAccounts/954807448148-compute@developer.gserviceaccount.com","automaticUpdatePolicy":{}},"serviceConfig":{"service":"projects/houseops-55490/locations/us-central1/services/notifylowstock","timeoutSeconds":60,"environmentVariables":{"FIREBASE_CONFIG":"{\"projectId\":\"houseops-55490\",\"storageBucket\":\"houseops-55490.firebasestorage.app\"}","GCLOUD_PROJECT":"houseops-55490","EVENTARC_CLOUD_EVENT_SOURCE":"projects/houseops-55490/locations/us-central1/services/notifyLowStock","FUNCTION_SIGNATURE_TYPE":"cloudevent","FUNCTION_TARGET":"notifyLowStock","LOG_EXECUTION_ID":"true"},"ingressSettings":"ALLOW_ALL","uri":"https://notifylowstock-dq5mfokhaq-uc.a.run.app","serviceAccountEmail":"954807448148-compute@developer.gserviceaccount.com","availableMemory":"256Mi","allTrafficOnLatestRevision":true,"revision":"notifylowstock-00015-sem","maxInstanceRequestConcurrency":80,"availableCpu":"1"},"eventTrigger":{"trigger":"projects/houseops-55490/locations/nam5/triggers/notifylowstock-987375","triggerRegion":"nam5","eventType":"google.cloud.firestore.document.v1.updated","eventFilters":[{"attribute":"database","value":"(default)"},{"attribute":"namespace","value":"(default)"},{"attribute":"document","value":"items/{itemId}","operator":"match-path-pattern"}],"pubsubTopic":"projects/houseops-55490/topics/eventarc-nam5-notifylowstock-987375-723","serviceAccountEmail":"954807448148-compute@developer.gserviceaccount.com","retryPolicy":"RETRY_POLICY_DO_NOT_RETRY"},"state":"ACTIVE","labels":{"deployment-tool":"cli-firebase","firebase-functions-hash":"f58657680a163b84d91a098f7c2b63d49384f77c"},"environment":"GEN_2","url":"https://us-central1-houseops-55490.cloudfunctions.net/notifyLowStock","satisfiesPzi":true},"stages":[{"name":"BUILD","message":"Build finished","state":"COMPLETE","resource":"projects/954807448148/locations/us-central1/builds/7c8356e9-cf94-4fca-8eb1-f342761d6a61","resourceUri":"https://console.cloud.google.com/cloud-build/builds;region=us-central1/7c8356e9-cf94-4fca-8eb1-f342761d6a61?project=954807448148"},{"name":"SERVICE","message":"Updating Cloud Run service","state":"IN_PROGRESS","resource":"projects/houseops-55490/locations/us-central1/services/notifylowstock","resourceUri":"https://console.cloud.google.com/run/detail/us-central1/notifylowstock?project=houseops-55490","stateMessages":[{"severity":"INFO","type":"CloudRunServiceNewRevisionTrafficInfo","message":"A new revision will be deployed serving with 100% traffic."}]},{"name":"TRIGGER","state":"NOT_STARTED"}],"sourceToken":"Cldwcm9qZWN0cy85NTQ4MDc0NDgxNDgvbG9jYXRpb25zL3VzLWNlbnRyYWwxL2J1aWxkcy83YzgzNTZlOS1jZjk0LTRmY2EtOGViMS1mMzQyNzYxZDZhNjEScXVzLWNlbnRyYWwxLWRvY2tlci5wa2cuZGV2L2hvdXNlb3BzLTU1NDkwL2djZi1hcnRpZmFjdHMvaG91c2VvcHMtLTU1NDkwX191cy0tY2VudHJhbDFfX25vdGlmeV9sb3dfc3RvY2s6dmVyc2lvbl8xGNTk1ffkGyJGcHJvamVjdHMvaG91c2VvcHMtNTU0OTAvbG9jYXRpb25zL3VzLWNlbnRyYWwxL2Z1bmN0aW9ucy9ub3RpZnlMb3dTdG9jayoMCPi95s0GEOj7hMoDMghub2RlanMyMDp2CiNnY3IuaW8vZ2FlLXJ1bnRpbWVzL25vZGVqczIwOnN0YWJsZRJPdXMtY2VudHJhbDEtZG9ja2VyLnBrZy5kZXYvc2VydmVybGVzcy1ydW50aW1lcy9nb29nbGUtMjItZnVsbC9ydW50aW1lcy9ub2RlanMyMEAB","operationType":"UPDATE_FUNCTION","buildName":"projects/954807448148/locations/us-central1/builds/7c8356e9-cf94-4fca-8eb1-f342761d6a61"},"done":false}
[debug] [2026-03-17T18:35:53.399Z] Got source token Cldwcm9qZWN0cy85NTQ4MDc0NDgxNDgvbG9jYXRpb25zL3VzLWNlbnRyYWwxL2J1aWxkcy83YzgzNTZlOS1jZjk0LTRmY2EtOGViMS1mMzQyNzYxZDZhNjEScXVzLWNlbnRyYWwxLWRvY2tlci5wa2cuZGV2L2hvdXNlb3BzLTU1NDkwL2djZi1hcnRpZmFjdHMvaG91c2VvcHMtLTU1NDkwX191cy0tY2VudHJhbDFfX25vdGlmeV9sb3dfc3RvY2s6dmVyc2lvbl8xGNTk1ffkGyJGcHJvamVjdHMvaG91c2VvcHMtNTU0OTAvbG9jYXRpb25zL3VzLWNlbnRyYWwxL2Z1bmN0aW9ucy9ub3RpZnlMb3dTdG9jayoMCPi95s0GEOj7hMoDMghub2RlanMyMDp2CiNnY3IuaW8vZ2FlLXJ1bnRpbWVzL25vZGVqczIwOnN0YWJsZRJPdXMtY2VudHJhbDEtZG9ja2VyLnBrZy5kZXYvc2VydmVybGVzcy1ydW50aW1lcy9nb29nbGUtMjItZnVsbC9ydW50aW1lcy9ub2RlanMyMEAB for region us-central1
